<?xml version="1.0" encoding="UTF-8"?>
<robot generator="Robot 5.0.1 (Python 3.9.13 on win32)" generated="20220722 23:10:01.966" rpa="false" schemaversion="3">
<suite id="s1" name="Amazon Testes" source="C:\Users\leaov\OneDrive\Documents\Portfolio\testing\CursoUdemy\RobotFramework\WebTesting\amazon_testes.robot">
<test id="s1-t1" name="Caso de Teste 01 - Acesso ao menu &quot;Eletrônicos&quot;" line="10">
<kw name="Abrir o navegador" library="amazon_resources" type="SETUP">
<kw name="Open Browser" library="SeleniumLibrary">
<arg>browser=ff</arg>
<doc>Opens a new browser instance to the optional ``url``.</doc>
<msg timestamp="20220722 23:10:02.149" level="INFO">Opening browser 'ff' to base url 'None'.</msg>
<msg timestamp="20220722 23:10:02.150" level="INFO">Firefox driver log is always forced to to: C:\Users\leaov\OneDrive\Documents\Portfolio\testing\CursoUdemy\RobotFramework\WebTesting\geckodriver-1.log</msg>
<status status="PASS" starttime="20220722 23:10:02.149" endtime="20220722 23:10:06.907"/>
</kw>
<kw name="Maximize Browser Window" library="SeleniumLibrary">
<doc>Maximizes current browser window.</doc>
<status status="PASS" starttime="20220722 23:10:06.907" endtime="20220722 23:10:07.171"/>
</kw>
<status status="PASS" starttime="20220722 23:10:02.149" endtime="20220722 23:10:07.171"/>
</kw>
<kw name="Acessar a home page do site Amazon.com.br" library="amazon_resources">
<kw name="Go To" library="SeleniumLibrary">
<arg>${URL}</arg>
<doc>Navigates the current browser window to the provided ``url``.</doc>
<msg timestamp="20220722 23:10:07.174" level="INFO">Opening url 'https://www.amazon.com.br/'</msg>
<status status="PASS" starttime="20220722 23:10:07.174" endtime="20220722 23:10:13.670"/>
</kw>
<kw name="Wait Until Element Is Visible" library="SeleniumLibrary">
<arg>${MENU_ELETRONICOS}</arg>
<doc>Waits until the element ``locator`` is visible.</doc>
<status status="PASS" starttime="20220722 23:10:13.670" endtime="20220722 23:10:13.720"/>
</kw>
<status status="PASS" starttime="20220722 23:10:07.173" endtime="20220722 23:10:13.720"/>
</kw>
<kw name="Entrar no menu &quot;Eletrônicos&quot;" library="amazon_resources">
<kw name="Wait Until Element Is Visible" library="SeleniumLibrary">
<arg>${MENU_ELETRONICOS}</arg>
<doc>Waits until the element ``locator`` is visible.</doc>
<status status="PASS" starttime="20220722 23:10:13.721" endtime="20220722 23:10:13.741"/>
</kw>
<kw name="Click Element" library="SeleniumLibrary">
<arg>${MENU_ELETRONICOS}</arg>
<doc>Click the element identified by ``locator``.</doc>
<msg timestamp="20220722 23:10:13.741" level="INFO">Clicking element '//a[@href='/Eletronicos-e-Tecnologia/b/?ie=UTF8&amp;node=16209062011&amp;ref_=nav_cs_electronics'][contains(.,'Eletrônicos')]'.</msg>
<status status="PASS" starttime="20220722 23:10:13.741" endtime="20220722 23:10:17.132"/>
</kw>
<status status="PASS" starttime="20220722 23:10:13.720" endtime="20220722 23:10:17.132"/>
</kw>
<kw name="Verificar se aparece a frase &quot;Eletrônicos e Tecnologia&quot;" library="amazon_resources" sourcename="Verificar se aparece a frase &quot;${FRASE}&quot;">
<kw name="Wait Until Page Contains" library="SeleniumLibrary">
<arg>${FRASE}</arg>
<doc>Waits until ``text`` appears on the current page.</doc>
<status status="PASS" starttime="20220722 23:10:17.133" endtime="20220722 23:10:17.174"/>
</kw>
<status status="PASS" starttime="20220722 23:10:17.133" endtime="20220722 23:10:17.174"/>
</kw>
<kw name="Verificar se o título da página fica &quot;Eletrônicos e Tecnologia | Amazon.com.br&quot;" library="amazon_resources" sourcename="Verificar se o título da página fica &quot;${TITULO}&quot;">
<kw name="Title Should Be" library="SeleniumLibrary">
<arg>${TITULO}</arg>
<doc>Verifies that the current page title equals ``title``.</doc>
<msg timestamp="20220722 23:10:17.178" level="INFO">Page title is 'Eletrônicos e Tecnologia | Amazon.com.br'.</msg>
<status status="PASS" starttime="20220722 23:10:17.175" endtime="20220722 23:10:17.178"/>
</kw>
<status status="PASS" starttime="20220722 23:10:17.175" endtime="20220722 23:10:17.178"/>
</kw>
<kw name="Verificar se aparece a categoria &quot;Computadores e Informática&quot;" library="amazon_resources" sourcename="Verificar se aparece a categoria &quot;${FRASE}&quot;">
<kw name="Page Should Contain" library="SeleniumLibrary">
<arg>${FRASE}</arg>
<doc>Verifies that current page contains ``text``.</doc>
<msg timestamp="20220722 23:10:17.220" level="INFO">Current page contains text 'Computadores e Informática'.</msg>
<status status="PASS" starttime="20220722 23:10:17.180" endtime="20220722 23:10:17.220"/>
</kw>
<kw name="Page Should Contain Element" library="SeleniumLibrary">
<arg>${LINK_PCINFO}</arg>
<doc>Verifies that element ``locator`` is found on the current page.</doc>
<msg timestamp="20220722 23:10:17.229" level="INFO">Current page contains element '//img[@src='https://images-na.ssl-images-amazon.com/images/G/32/BR-hq/2021/img/Consumer_Electronics/Storefronts/Electronics/956.Storefront_categoria_computadores_icons_240x270.jpg']'.</msg>
<status status="PASS" starttime="20220722 23:10:17.220" endtime="20220722 23:10:17.229"/>
</kw>
<status status="PASS" starttime="20220722 23:10:17.179" endtime="20220722 23:10:17.230"/>
</kw>
<kw name="Fechar o navegador" library="amazon_resources" type="TEARDOWN">
<kw name="Capture Page Screenshot" library="SeleniumLibrary">
<doc>Takes a screenshot of the current page and embeds it into a log file.</doc>
<msg timestamp="20220722 23:10:17.327" level="INFO" html="true">&lt;/td&gt;&lt;/tr&gt;&lt;tr&gt;&lt;td colspan="3"&gt;&lt;a href="selenium-screenshot-1.png"&gt;&lt;img src="selenium-screenshot-1.png" width="800px"&gt;&lt;/a&gt;</msg>
<status status="PASS" starttime="20220722 23:10:17.231" endtime="20220722 23:10:17.327"/>
</kw>
<kw name="Close Browser" library="SeleniumLibrary">
<doc>Closes the current browser.</doc>
<status status="PASS" starttime="20220722 23:10:17.327" endtime="20220722 23:10:18.562"/>
</kw>
<status status="PASS" starttime="20220722 23:10:17.230" endtime="20220722 23:10:18.562"/>
</kw>
<doc>Esse teste verifica o menu eletrônicos do site da Amazon.com.br
e verifica a categoria Computadores e Informática</doc>
<tag>categorias</tag>
<tag>menus</tag>
<status status="PASS" starttime="20220722 23:10:02.148" endtime="20220722 23:10:18.563"/>
</test>
<test id="s1-t2" name="Caso de teste 02 - Pesquisa de um Produto" line="20">
<kw name="Abrir o navegador" library="amazon_resources" type="SETUP">
<kw name="Open Browser" library="SeleniumLibrary">
<arg>browser=ff</arg>
<doc>Opens a new browser instance to the optional ``url``.</doc>
<msg timestamp="20220722 23:10:18.566" level="INFO">Opening browser 'ff' to base url 'None'.</msg>
<msg timestamp="20220722 23:10:18.567" level="INFO">Firefox driver log is always forced to to: C:\Users\leaov\OneDrive\Documents\Portfolio\testing\CursoUdemy\RobotFramework\WebTesting\geckodriver-2.log</msg>
<status status="PASS" starttime="20220722 23:10:18.566" endtime="20220722 23:10:23.481"/>
</kw>
<kw name="Maximize Browser Window" library="SeleniumLibrary">
<doc>Maximizes current browser window.</doc>
<status status="PASS" starttime="20220722 23:10:23.481" endtime="20220722 23:10:23.736"/>
</kw>
<status status="PASS" starttime="20220722 23:10:18.565" endtime="20220722 23:10:23.736"/>
</kw>
<kw name="Acessar a home page do site Amazon.com.br" library="amazon_resources">
<kw name="Go To" library="SeleniumLibrary">
<arg>${URL}</arg>
<doc>Navigates the current browser window to the provided ``url``.</doc>
<msg timestamp="20220722 23:10:23.738" level="INFO">Opening url 'https://www.amazon.com.br/'</msg>
<status status="PASS" starttime="20220722 23:10:23.738" endtime="20220722 23:10:26.276"/>
</kw>
<kw name="Wait Until Element Is Visible" library="SeleniumLibrary">
<arg>${MENU_ELETRONICOS}</arg>
<doc>Waits until the element ``locator`` is visible.</doc>
<status status="PASS" starttime="20220722 23:10:26.276" endtime="20220722 23:10:26.366"/>
</kw>
<status status="PASS" starttime="20220722 23:10:23.738" endtime="20220722 23:10:26.366"/>
</kw>
<kw name="Digitar o nome de produto &quot;Echo Dot&quot; no campo de pesquisa" library="amazon_resources" sourcename="Digitar o nome de produto &quot;${PRODUTO}&quot; no campo de pesquisa">
<kw name="Input Text" library="SeleniumLibrary">
<arg>twotabsearchtextbox</arg>
<arg>${PRODUTO}</arg>
<doc>Types the given ``text`` into the text field identified by ``locator``.</doc>
<msg timestamp="20220722 23:10:26.367" level="INFO">Typing text 'Echo Dot' into text field 'twotabsearchtextbox'.</msg>
<status status="PASS" starttime="20220722 23:10:26.367" endtime="20220722 23:10:26.438"/>
</kw>
<status status="PASS" starttime="20220722 23:10:26.367" endtime="20220722 23:10:26.439"/>
</kw>
<kw name="Clicar no botão de pesquisa" library="amazon_resources">
<kw name="Click Element" library="SeleniumLibrary">
<arg>nav-search-submit-button</arg>
<doc>Click the element identified by ``locator``.</doc>
<msg timestamp="20220722 23:10:26.440" level="INFO">Clicking element 'nav-search-submit-button'.</msg>
<status status="PASS" starttime="20220722 23:10:26.440" endtime="20220722 23:10:28.067"/>
</kw>
<status status="PASS" starttime="20220722 23:10:26.440" endtime="20220722 23:10:28.068"/>
</kw>
<kw name="Listar o resultado da pesquisa se está listando o produto &quot;Echo Dot&quot;" library="amazon_resources" sourcename="Listar o resultado da pesquisa se está listando o produto ${PRODUTO}">
<kw name="Wait Until Element Is Visible" library="SeleniumLibrary">
<arg>//img[@alt='Echo Dot (3ª Geração): Smart Speaker com Alexa - Cor Preta']</arg>
<doc>Waits until the element ``locator`` is visible.</doc>
<status status="PASS" starttime="20220722 23:10:28.071" endtime="20220722 23:10:28.161"/>
</kw>
<status status="PASS" starttime="20220722 23:10:28.070" endtime="20220722 23:10:28.162"/>
</kw>
<kw name="Fechar o navegador" library="amazon_resources" type="TEARDOWN">
<kw name="Capture Page Screenshot" library="SeleniumLibrary">
<doc>Takes a screenshot of the current page and embeds it into a log file.</doc>
<msg timestamp="20220722 23:10:28.367" level="INFO" html="true">&lt;/td&gt;&lt;/tr&gt;&lt;tr&gt;&lt;td colspan="3"&gt;&lt;a href="selenium-screenshot-2.png"&gt;&lt;img src="selenium-screenshot-2.png" width="800px"&gt;&lt;/a&gt;</msg>
<status status="PASS" starttime="20220722 23:10:28.164" endtime="20220722 23:10:28.367"/>
</kw>
<kw name="Close Browser" library="SeleniumLibrary">
<doc>Closes the current browser.</doc>
<status status="PASS" starttime="20220722 23:10:28.368" endtime="20220722 23:10:29.271"/>
</kw>
<status status="PASS" starttime="20220722 23:10:28.163" endtime="20220722 23:10:29.271"/>
</kw>
<doc>Esse teste verifica a busca de um produto</doc>
<tag>busca_produtos</tag>
<tag>lista</tag>
<status status="PASS" starttime="20220722 23:10:18.564" endtime="20220722 23:10:29.272"/>
</test>
<doc>Essa suite testa o site a Amazon.com.br
e seus componentes</doc>
<status status="PASS" starttime="20220722 23:10:01.967" endtime="20220722 23:10:29.273"/>
</suite>
<statistics>
<total>
<stat pass="2" fail="0" skip="0">All Tests</stat>
</total>
<tag>
<stat pass="1" fail="0" skip="0">busca_produtos</stat>
<stat pass="1" fail="0" skip="0">categorias</stat>
<stat pass="1" fail="0" skip="0">lista</stat>
<stat pass="1" fail="0" skip="0">menus</stat>
</tag>
<suite>
<stat pass="2" fail="0" skip="0" id="s1" name="Amazon Testes">Amazon Testes</stat>
</suite>
</statistics>
<errors>
</errors>
</robot>
