<?xml version="1.0" encoding="UTF-8"?>
<robot generator="Robot 5.0.1 (Python 3.9.13 on win32)" generated="20220712 12:15:31.062" rpa="false" schemaversion="3">
<suite id="s1" name="DH" source="C:\Users\leaov\OneDrive\Documents\Portfolio\testing\Testing-1\robot\DH.robot">
<test id="s1-t1" name="Validação das informações do curso de Data Analytics" line="8">
<kw name="Abrir o novo site da Digital House Brasil" library="DH" type="SETUP">
<kw name="Open Browser" library="SeleniumLibrary">
<arg>${SITE}</arg>
<arg>${NAVEGADOR}</arg>
<doc>Opens a new browser instance to the optional ``url``.</doc>
<msg timestamp="20220712 12:15:31.268" level="INFO">Opening browser 'Chrome' to base url 'https://www.digitalhouse.com/br'.</msg>
<status status="PASS" starttime="20220712 12:15:31.267" endtime="20220712 12:15:36.537"/>
</kw>
<kw name="Maximize Browser Window" library="SeleniumLibrary">
<doc>Maximizes current browser window.</doc>
<status status="PASS" starttime="20220712 12:15:36.537" endtime="20220712 12:15:36.704"/>
</kw>
<status status="PASS" starttime="20220712 12:15:31.267" endtime="20220712 12:15:36.704"/>
</kw>
<kw name="Clicar em “Ver outros cursos”" library="DH">
<kw name="Execute Javascript" library="SeleniumLibrary">
<arg>window.scroll(0,900)</arg>
<doc>Executes the given JavaScript code with possible arguments.</doc>
<msg timestamp="20220712 12:15:36.713" level="INFO">Executing JavaScript:
window.scroll(0,900)
Without any arguments.</msg>
<status status="PASS" starttime="20220712 12:15:36.711" endtime="20220712 12:15:36.751"/>
</kw>
<kw name="Wait and Click" library="DH">
<arg>${OUTROS_CURSOS}</arg>
<kw name="Wait Until Element Is Visible" library="SeleniumLibrary">
<arg>${ELEMENTO}</arg>
<doc>Waits until the element ``locator`` is visible.</doc>
<status status="PASS" starttime="20220712 12:15:36.754" endtime="20220712 12:15:36.816"/>
</kw>
<kw name="Click Element" library="SeleniumLibrary">
<arg>${ELEMENTO}</arg>
<doc>Click the element identified by ``locator``.</doc>
<msg timestamp="20220712 12:15:36.818" level="INFO">Clicking element 'css=#__next &gt; div &gt; main &gt; section &gt; div &gt; div.mt-8.flex.justify-center &gt; div &gt; a'.</msg>
<status status="PASS" starttime="20220712 12:15:36.818" endtime="20220712 12:15:38.187"/>
</kw>
<status status="PASS" starttime="20220712 12:15:36.751" endtime="20220712 12:15:38.187"/>
</kw>
<status status="PASS" starttime="20220712 12:15:36.708" endtime="20220712 12:15:38.187"/>
</kw>
<kw name="Selecionar o curso “Data Analytics”" library="DH">
<kw name="Execute Javascript" library="SeleniumLibrary">
<arg>window.scroll(0,500)</arg>
<doc>Executes the given JavaScript code with possible arguments.</doc>
<msg timestamp="20220712 12:15:38.189" level="INFO">Executing JavaScript:
window.scroll(0,500)
Without any arguments.</msg>
<status status="PASS" starttime="20220712 12:15:38.189" endtime="20220712 12:15:38.197"/>
</kw>
<kw name="Wait and Click" library="DH">
<arg>${DATA_ANALYTICS}</arg>
<kw name="Wait Until Element Is Visible" library="SeleniumLibrary">
<arg>${ELEMENTO}</arg>
<doc>Waits until the element ``locator`` is visible.</doc>
<status status="PASS" starttime="20220712 12:15:38.197" endtime="20220712 12:15:38.230"/>
</kw>
<kw name="Click Element" library="SeleniumLibrary">
<arg>${ELEMENTO}</arg>
<doc>Click the element identified by ``locator``.</doc>
<msg timestamp="20220712 12:15:38.231" level="INFO">Clicking element 'xpath=//*[@id="__next"]/div/main/section[2]/div/div/div[3]/a'.</msg>
<status status="PASS" starttime="20220712 12:15:38.230" endtime="20220712 12:15:41.422"/>
</kw>
<status status="PASS" starttime="20220712 12:15:38.197" endtime="20220712 12:15:41.422"/>
</kw>
<status status="PASS" starttime="20220712 12:15:38.187" endtime="20220712 12:15:41.422"/>
</kw>
<kw name="Verificar se o texto de chamada do curso está correto" library="DH">
<kw name="Page Should Contain" library="SeleniumLibrary">
<arg>${CHAMADA_DATA_ANALYTICS}</arg>
<doc>Verifies that current page contains ``text``.</doc>
<msg timestamp="20220712 12:15:41.452" level="INFO">Current page contains text 'voltado para qualquer pessoa que deseja ampliar suas capacidades analíticas'.</msg>
<status status="PASS" starttime="20220712 12:15:41.424" endtime="20220712 12:15:41.452"/>
</kw>
<status status="PASS" starttime="20220712 12:15:41.423" endtime="20220712 12:15:41.452"/>
</kw>
<kw name="Verificar se a descrição do curso está correta" library="DH">
<kw name="Page Should Contain" library="SeleniumLibrary">
<arg>${DESCRICAO_DATA_ANALYTICS}</arg>
<doc>Verifies that current page contains ``text``.</doc>
<msg timestamp="20220712 12:15:41.478" level="INFO">Current page contains text 'pessoas interessadas em business intelligence'.</msg>
<status status="PASS" starttime="20220712 12:15:41.456" endtime="20220712 12:15:41.478"/>
</kw>
<status status="PASS" starttime="20220712 12:15:41.456" endtime="20220712 12:15:41.479"/>
</kw>
<kw name="Clicar em “Inscreva-se agora&quot;" library="DH">
<kw name="Wait and Click" library="DH">
<arg>${INSCREVA_AGORA}</arg>
<kw name="Wait Until Element Is Visible" library="SeleniumLibrary">
<arg>${ELEMENTO}</arg>
<doc>Waits until the element ``locator`` is visible.</doc>
<status status="PASS" starttime="20220712 12:15:41.480" endtime="20220712 12:15:41.505"/>
</kw>
<kw name="Click Element" library="SeleniumLibrary">
<arg>${ELEMENTO}</arg>
<doc>Click the element identified by ``locator``.</doc>
<msg timestamp="20220712 12:15:41.507" level="INFO">Clicking element 'xpath=//*[@id="__next"]/div/main/section/div/div/div[1]/div/div[2]/div[1]/a'.</msg>
<status status="PASS" starttime="20220712 12:15:41.507" endtime="20220712 12:15:41.578"/>
</kw>
<status status="PASS" starttime="20220712 12:15:41.479" endtime="20220712 12:15:41.578"/>
</kw>
<status status="PASS" starttime="20220712 12:15:41.479" endtime="20220712 12:15:41.579"/>
</kw>
<kw name="Clicar em “Inscreva-se”" library="DH">
<kw name="Execute Javascript" library="SeleniumLibrary">
<arg>window.scroll(0,3000)</arg>
<doc>Executes the given JavaScript code with possible arguments.</doc>
<msg timestamp="20220712 12:15:41.580" level="INFO">Executing JavaScript:
window.scroll(0,3000)
Without any arguments.</msg>
<status status="PASS" starttime="20220712 12:15:41.580" endtime="20220712 12:15:41.633"/>
</kw>
<kw name="Wait and Click" library="DH">
<arg>${INSCREVA}</arg>
<kw name="Wait Until Element Is Visible" library="SeleniumLibrary">
<arg>${ELEMENTO}</arg>
<doc>Waits until the element ``locator`` is visible.</doc>
<status status="PASS" starttime="20220712 12:15:41.634" endtime="20220712 12:15:41.682"/>
</kw>
<kw name="Click Element" library="SeleniumLibrary">
<arg>${ELEMENTO}</arg>
<doc>Click the element identified by ``locator``.</doc>
<msg timestamp="20220712 12:15:41.682" level="INFO">Clicking element 'xpath=//*[@id="0"]/div/a'.</msg>
<status status="PASS" starttime="20220712 12:15:41.682" endtime="20220712 12:15:43.085"/>
</kw>
<status status="PASS" starttime="20220712 12:15:41.633" endtime="20220712 12:15:43.085"/>
</kw>
<status status="PASS" starttime="20220712 12:15:41.579" endtime="20220712 12:15:43.085"/>
</kw>
<kw name="Validar que o valor do curso é “R$10.315”" library="DH">
<kw name="Page Should Contain" library="SeleniumLibrary">
<arg>R$10.315</arg>
<doc>Verifies that current page contains ``text``.</doc>
<msg timestamp="20220712 12:15:43.116" level="INFO">Current page contains text 'R$10.315'.</msg>
<status status="PASS" starttime="20220712 12:15:43.089" endtime="20220712 12:15:43.116"/>
</kw>
<status status="PASS" starttime="20220712 12:15:43.088" endtime="20220712 12:15:43.116"/>
</kw>
<kw name="Close Browser" library="SeleniumLibrary" type="TEARDOWN">
<doc>Closes the current browser.</doc>
<status status="PASS" starttime="20220712 12:15:43.117" endtime="20220712 12:15:45.351"/>
</kw>
<status status="PASS" starttime="20220712 12:15:31.266" endtime="20220712 12:15:45.352"/>
</test>
<test id="s1-t2" name="Validação das informações do curso de Data Science" line="18">
<kw name="Abrir o novo site da Digital House Brasil" library="DH" type="SETUP">
<kw name="Open Browser" library="SeleniumLibrary">
<arg>${SITE}</arg>
<arg>${NAVEGADOR}</arg>
<doc>Opens a new browser instance to the optional ``url``.</doc>
<msg timestamp="20220712 12:15:45.355" level="INFO">Opening browser 'Chrome' to base url 'https://www.digitalhouse.com/br'.</msg>
<status status="PASS" starttime="20220712 12:15:45.354" endtime="20220712 12:15:50.495"/>
</kw>
<kw name="Maximize Browser Window" library="SeleniumLibrary">
<doc>Maximizes current browser window.</doc>
<status status="PASS" starttime="20220712 12:15:50.495" endtime="20220712 12:15:50.686"/>
</kw>
<status status="PASS" starttime="20220712 12:15:45.354" endtime="20220712 12:15:50.687"/>
</kw>
<kw name="Clicar em “Ver outros cursos”" library="DH">
<kw name="Execute Javascript" library="SeleniumLibrary">
<arg>window.scroll(0,900)</arg>
<doc>Executes the given JavaScript code with possible arguments.</doc>
<msg timestamp="20220712 12:15:50.712" level="INFO">Executing JavaScript:
window.scroll(0,900)
Without any arguments.</msg>
<status status="PASS" starttime="20220712 12:15:50.710" endtime="20220712 12:15:50.778"/>
</kw>
<kw name="Wait and Click" library="DH">
<arg>${OUTROS_CURSOS}</arg>
<kw name="Wait Until Element Is Visible" library="SeleniumLibrary">
<arg>${ELEMENTO}</arg>
<doc>Waits until the element ``locator`` is visible.</doc>
<status status="PASS" starttime="20220712 12:15:50.780" endtime="20220712 12:15:50.851"/>
</kw>
<kw name="Click Element" library="SeleniumLibrary">
<arg>${ELEMENTO}</arg>
<doc>Click the element identified by ``locator``.</doc>
<msg timestamp="20220712 12:15:50.852" level="INFO">Clicking element 'css=#__next &gt; div &gt; main &gt; section &gt; div &gt; div.mt-8.flex.justify-center &gt; div &gt; a'.</msg>
<status status="PASS" starttime="20220712 12:15:50.851" endtime="20220712 12:15:52.897"/>
</kw>
<status status="PASS" starttime="20220712 12:15:50.779" endtime="20220712 12:15:52.898"/>
</kw>
<status status="PASS" starttime="20220712 12:15:50.709" endtime="20220712 12:15:52.898"/>
</kw>
<kw name="Selecionar o curso “Data Science”" library="DH">
<kw name="Execute Javascript" library="SeleniumLibrary">
<arg>window.scroll(0,500)</arg>
<doc>Executes the given JavaScript code with possible arguments.</doc>
<msg timestamp="20220712 12:15:52.899" level="INFO">Executing JavaScript:
window.scroll(0,500)
Without any arguments.</msg>
<status status="PASS" starttime="20220712 12:15:52.899" endtime="20220712 12:15:52.916"/>
</kw>
<kw name="Wait and Click" library="DH">
<arg>${DATA_SCIENCE}</arg>
<kw name="Wait Until Element Is Visible" library="SeleniumLibrary">
<arg>${ELEMENTO}</arg>
<doc>Waits until the element ``locator`` is visible.</doc>
<status status="PASS" starttime="20220712 12:15:52.917" endtime="20220712 12:15:52.951"/>
</kw>
<kw name="Click Element" library="SeleniumLibrary">
<arg>${ELEMENTO}</arg>
<doc>Click the element identified by ``locator``.</doc>
<msg timestamp="20220712 12:15:52.951" level="INFO">Clicking element 'xpath=//*[@id="__next"]/div/main/section[2]/div/div/div[4]/a'.</msg>
<status status="PASS" starttime="20220712 12:15:52.951" endtime="20220712 12:15:54.806"/>
</kw>
<status status="PASS" starttime="20220712 12:15:52.916" endtime="20220712 12:15:54.806"/>
</kw>
<status status="PASS" starttime="20220712 12:15:52.898" endtime="20220712 12:15:54.806"/>
</kw>
<kw name="Verificar se o texto de chamada do curso de Data Science está correto" library="DH">
<kw name="Page Should Contain" library="SeleniumLibrary">
<arg>${CHAMADA_DATA_SCIENCE}</arg>
<doc>Verifies that current page contains ``text``.</doc>
<msg timestamp="20220712 12:15:54.851" level="INFO">Current page contains text 'profissionais de diversas áreas que desejam melhorar sua comunicação como engenheiros de Big Data'.</msg>
<status status="PASS" starttime="20220712 12:15:54.811" endtime="20220712 12:15:54.852"/>
</kw>
<status status="PASS" starttime="20220712 12:15:54.809" endtime="20220712 12:15:54.852"/>
</kw>
<kw name="Verificar se a descrição do curso de Data Science está correta" library="DH">
<kw name="Page Should Contain" library="SeleniumLibrary">
<arg>${DESCRICAO_DATA_SCIENCE}</arg>
<doc>Verifies that current page contains ``text``.</doc>
<msg timestamp="20220712 12:15:54.895" level="INFO">Current page contains text 'adquirir habilidades práticas com as ferramentas específicas para fazer análises'.</msg>
<status status="PASS" starttime="20220712 12:15:54.854" endtime="20220712 12:15:54.895"/>
</kw>
<status status="PASS" starttime="20220712 12:15:54.854" endtime="20220712 12:15:54.895"/>
</kw>
<kw name="Clicar no botão &quot;Inscreva-se agora&quot;" library="DH">
<kw name="Wait and Click" library="DH">
<arg>${INSCREVA_AGORA}</arg>
<kw name="Wait Until Element Is Visible" library="SeleniumLibrary">
<arg>${ELEMENTO}</arg>
<doc>Waits until the element ``locator`` is visible.</doc>
<status status="PASS" starttime="20220712 12:15:54.901" endtime="20220712 12:15:54.939"/>
</kw>
<kw name="Click Element" library="SeleniumLibrary">
<arg>${ELEMENTO}</arg>
<doc>Click the element identified by ``locator``.</doc>
<msg timestamp="20220712 12:15:54.939" level="INFO">Clicking element 'xpath=//*[@id="__next"]/div/main/section/div/div/div[1]/div/div[2]/div[1]/a'.</msg>
<status status="PASS" starttime="20220712 12:15:54.939" endtime="20220712 12:15:55.089"/>
</kw>
<status status="PASS" starttime="20220712 12:15:54.900" endtime="20220712 12:15:55.090"/>
</kw>
<status status="PASS" starttime="20220712 12:15:54.898" endtime="20220712 12:15:55.090"/>
</kw>
<kw name="Clicar no botão &quot;Inscreva-se&quot;" library="DH">
<kw name="Execute Javascript" library="SeleniumLibrary">
<arg>window.scroll(0,3000)</arg>
<doc>Executes the given JavaScript code with possible arguments.</doc>
<msg timestamp="20220712 12:15:55.097" level="INFO">Executing JavaScript:
window.scroll(0,3000)
Without any arguments.</msg>
<status status="PASS" starttime="20220712 12:15:55.095" endtime="20220712 12:15:55.148"/>
</kw>
<kw name="Wait and Click" library="DH">
<arg>${INSCREVA}</arg>
<kw name="Wait Until Element Is Visible" library="SeleniumLibrary">
<arg>${ELEMENTO}</arg>
<doc>Waits until the element ``locator`` is visible.</doc>
<status status="PASS" starttime="20220712 12:15:55.150" endtime="20220712 12:15:55.208"/>
</kw>
<kw name="Click Element" library="SeleniumLibrary">
<arg>${ELEMENTO}</arg>
<doc>Click the element identified by ``locator``.</doc>
<msg timestamp="20220712 12:15:55.210" level="INFO">Clicking element 'xpath=//*[@id="0"]/div/a'.</msg>
<status status="PASS" starttime="20220712 12:15:55.209" endtime="20220712 12:15:56.846"/>
</kw>
<status status="PASS" starttime="20220712 12:15:55.149" endtime="20220712 12:15:56.847"/>
</kw>
<status status="PASS" starttime="20220712 12:15:55.092" endtime="20220712 12:15:56.848"/>
</kw>
<kw name="Validar que o valor do curso é “R$ 11.878”" library="DH">
<kw name="Page Should Contain" library="SeleniumLibrary">
<arg>R$11.878</arg>
<doc>Verifies that current page contains ``text``.</doc>
<msg timestamp="20220712 12:15:56.880" level="INFO">Current page contains text 'R$11.878'.</msg>
<status status="PASS" starttime="20220712 12:15:56.850" endtime="20220712 12:15:56.881"/>
</kw>
<status status="PASS" starttime="20220712 12:15:56.849" endtime="20220712 12:15:56.881"/>
</kw>
<kw name="Close Browser" library="SeleniumLibrary" type="TEARDOWN">
<doc>Closes the current browser.</doc>
<status status="PASS" starttime="20220712 12:15:56.882" endtime="20220712 12:15:59.086"/>
</kw>
<status status="PASS" starttime="20220712 12:15:45.354" endtime="20220712 12:15:59.088"/>
</test>
<status status="PASS" starttime="20220712 12:15:31.063" endtime="20220712 12:15:59.090"/>
</suite>
<statistics>
<total>
<stat pass="2" fail="0" skip="0">All Tests</stat>
</total>
<tag>
</tag>
<suite>
<stat pass="2" fail="0" skip="0" id="s1" name="DH">DH</stat>
</suite>
</statistics>
<errors>
</errors>
</robot>
